<?xml version="1.0" encoding="UTF-8"?>
<testsuite name="bssm.db.bssmgit.BssmGitApplicationTests" tests="1" skipped="0" failures="0" errors="0" timestamp="2022-09-21T14:20:24" hostname="choewon-yong-ui-MacBookPro.local" time="0.132">
  <properties/>
  <testcase name="contextLoads()" classname="bssm.db.bssmgit.BssmGitApplicationTests" time="0.132"/>
  <system-out><![CDATA[23:20:13.362 [Test worker] DEBUG org.springframework.test.context.BootstrapUtils - Instantiating CacheAwareContextLoaderDelegate from class [org.springframework.test.context.cache.DefaultCacheAwareContextLoaderDelegate]
23:20:13.373 [Test worker] DEBUG org.springframework.test.context.BootstrapUtils - Instantiating BootstrapContext using constructor [public org.springframework.test.context.support.DefaultBootstrapContext(java.lang.Class,org.springframework.test.context.CacheAwareContextLoaderDelegate)]
23:20:13.423 [Test worker] DEBUG org.springframework.test.context.BootstrapUtils - Instantiating TestContextBootstrapper for test class [bssm.db.bssmgit.BssmGitApplicationTests] from class [org.springframework.boot.test.context.SpringBootTestContextBootstrapper]
23:20:13.439 [Test worker] INFO org.springframework.boot.test.context.SpringBootTestContextBootstrapper - Neither @ContextConfiguration nor @ContextHierarchy found for test class [bssm.db.bssmgit.BssmGitApplicationTests], using SpringBootContextLoader
23:20:13.443 [Test worker] DEBUG org.springframework.test.context.support.AbstractContextLoader - Did not detect default resource location for test class [bssm.db.bssmgit.BssmGitApplicationTests]: class path resource [bssm/db/bssmgit/BssmGitApplicationTests-context.xml] does not exist
23:20:13.444 [Test worker] DEBUG org.springframework.test.context.support.AbstractContextLoader - Did not detect default resource location for test class [bssm.db.bssmgit.BssmGitApplicationTests]: class path resource [bssm/db/bssmgit/BssmGitApplicationTestsContext.groovy] does not exist
23:20:13.444 [Test worker] INFO org.springframework.test.context.support.AbstractContextLoader - Could not detect default resource locations for test class [bssm.db.bssmgit.BssmGitApplicationTests]: no resource found for suffixes {-context.xml, Context.groovy}.
23:20:13.445 [Test worker] INFO org.springframework.test.context.support.AnnotationConfigContextLoaderUtils - Could not detect default configuration classes for test class [bssm.db.bssmgit.BssmGitApplicationTests]: BssmGitApplicationTests does not declare any static, non-private, non-final, nested classes annotated with @Configuration.
23:20:13.501 [Test worker] DEBUG org.springframework.test.context.support.ActiveProfilesUtils - Could not find an 'annotation declaring class' for annotation type [org.springframework.test.context.ActiveProfiles] and class [bssm.db.bssmgit.BssmGitApplicationTests]
23:20:13.578 [Test worker] DEBUG org.springframework.context.annotation.ClassPathScanningCandidateComponentProvider - Identified candidate component class: file [/Users/nyong/Desktop/index/project/BGIT-Backend/build/classes/java/main/bssm/db/bssmgit/BssmGitApplication.class]
23:20:13.581 [Test worker] INFO org.springframework.boot.test.context.SpringBootTestContextBootstrapper - Found @SpringBootConfiguration bssm.db.bssmgit.BssmGitApplication for test class bssm.db.bssmgit.BssmGitApplicationTests
23:20:13.719 [Test worker] DEBUG org.springframework.boot.test.context.SpringBootTestContextBootstrapper - @TestExecutionListeners is not present for class [bssm.db.bssmgit.BssmGitApplicationTests]: using defaults.
23:20:13.720 [Test worker] INFO org.springframework.boot.test.context.SpringBootTestContextBootstrapper - Loaded default TestExecutionListener class names from location [META-INF/spring.factories]: [org.springframework.security.test.context.support.WithSecurityContextTestExecutionListener, org.springframework.security.test.context.support.ReactorContextTestExecutionListener, org.springframework.boot.test.autoconfigure.restdocs.RestDocsTestExecutionListener, org.springframework.boot.test.autoconfigure.web.client.MockRestServiceServerResetTestExecutionListener, org.springframework.boot.test.autoconfigure.web.servlet.MockMvcPrintOnlyOnFailureTestExecutionListener, org.springframework.boot.test.autoconfigure.web.servlet.WebDriverTestExecutionListener, org.springframework.boot.test.autoconfigure.webservices.client.MockWebServiceServerTestExecutionListener, org.springframework.boot.test.mock.mockito.MockitoTestExecutionListener, org.springframework.boot.test.mock.mockito.ResetMocksTestExecutionListener, org.springframework.test.context.web.ServletTestExecutionListener, org.springframework.test.context.support.DirtiesContextBeforeModesTestExecutionListener, org.springframework.test.context.event.ApplicationEventsTestExecutionListener, org.springframework.test.context.support.DependencyInjectionTestExecutionListener, org.springframework.test.context.support.DirtiesContextTestExecutionListener, org.springframework.test.context.transaction.TransactionalTestExecutionListener, org.springframework.test.context.jdbc.SqlScriptsTestExecutionListener, org.springframework.test.context.event.EventPublishingTestExecutionListener]
23:20:13.741 [Test worker] INFO org.springframework.boot.test.context.SpringBootTestContextBootstrapper - Using TestExecutionListeners: [org.springframework.test.context.web.ServletTestExecutionListener@49ef32e0, org.springframework.test.context.support.DirtiesContextBeforeModesTestExecutionListener@271f18d3, org.springframework.test.context.event.ApplicationEventsTestExecutionListener@6bd51ed8, org.springframework.boot.test.mock.mockito.MockitoTestExecutionListener@61e3a1fd, org.springframework.boot.test.autoconfigure.SpringBootDependencyInjectionTestExecutionListener@51abf713, org.springframework.test.context.support.DirtiesContextTestExecutionListener@eadb475, org.springframework.test.context.transaction.TransactionalTestExecutionListener@4d4d48a6, org.springframework.test.context.jdbc.SqlScriptsTestExecutionListener@315df4bb, org.springframework.security.test.context.support.WithSecurityContextTestExecutionListener@3fc08eec, org.springframework.test.context.event.EventPublishingTestExecutionListener@5cad8b7d, org.springframework.security.test.context.support.ReactorContextTestExecutionListener@7b02e036, org.springframework.boot.test.autoconfigure.restdocs.RestDocsTestExecutionListener@25243bc1, org.springframework.boot.test.autoconfigure.web.client.MockRestServiceServerResetTestExecutionListener@1e287667, org.springframework.boot.test.autoconfigure.web.servlet.MockMvcPrintOnlyOnFailureTestExecutionListener@2e6ee0bc, org.springframework.boot.test.autoconfigure.web.servlet.WebDriverTestExecutionListener@4201a617, org.springframework.boot.test.autoconfigure.webservices.client.MockWebServiceServerTestExecutionListener@467f77a5, org.springframework.boot.test.mock.mockito.ResetMocksTestExecutionListener@1bb9aa43]
23:20:13.781 [Test worker] DEBUG org.springframework.test.context.support.AbstractDirtiesContextTestExecutionListener - Before test class: context [DefaultTestContext@35e52059 testClass = BssmGitApplicationTests, testInstance = [null], testMethod = [null], testException = [null], mergedContextConfiguration = [WebMergedContextConfiguration@62577d6 testClass = BssmGitApplicationTests, locations = '{}', classes = '{class bssm.db.bssmgit.BssmGitApplication}', contextInitializerClasses = '[]', activeProfiles = '{}', propertySourceLocations = '{}', propertySourceProperties = '{org.springframework.boot.test.context.SpringBootTestContextBootstrapper=true}', contextCustomizers = set[org.springframework.boot.test.autoconfigure.actuate.metrics.MetricsExportContextCustomizerFactory$DisableMetricExportContextCustomizer@56bca85b, org.springframework.boot.test.autoconfigure.properties.PropertyMappingContextCustomizer@0, org.springframework.boot.test.autoconfigure.web.servlet.WebDriverContextCustomizerFactory$Customizer@47db5fa5, org.springframework.boot.test.context.filter.ExcludeFilterContextCustomizer@1080b026, org.springframework.boot.test.json.DuplicateJsonObjectContextCustomizerFactory$DuplicateJsonObjectContextCustomizer@dcfda20, org.springframework.boot.test.mock.mockito.MockitoContextCustomizer@0, org.springframework.boot.test.web.client.TestRestTemplateContextCustomizer@5bfa8cc5, org.springframework.boot.test.web.reactive.server.WebTestClientContextCustomizer@41925502, org.springframework.boot.test.context.SpringBootTestArgs@1, org.springframework.boot.test.context.SpringBootTestWebEnvironment@48b67364], resourceBasePath = 'src/main/webapp', contextLoader = 'org.springframework.boot.test.context.SpringBootContextLoader', parent = [null]], attributes = map['org.springframework.test.context.web.ServletTestExecutionListener.activateListener' -> true]], class annotated with @DirtiesContext [false] with mode [null].

  .   ____          _            __ _ _
 /\\ / ___'_ __ _ _(_)_ __  __ _ \ \ \ \
( ( )\___ | '_ | '_| | '_ \/ _` | \ \ \ \
 \\/  ___)| |_)| | | | | || (_| |  ) ) ) )
  '  |____| .__|_| |_|_| |_\__, | / / / /
 =========|_|==============|___/=/_/_/_/
 :: Spring Boot ::                (v2.7.3)

2022-09-21 23:20:14.466  INFO 6192 --- [    Test worker] bssm.db.bssmgit.BssmGitApplicationTests  : Starting BssmGitApplicationTests using Java 11.0.15 on choewon-yong-ui-MacBookPro.local with PID 6192 (started by nyong in /Users/nyong/Desktop/index/project/BGIT-Backend)
2022-09-21 23:20:14.472  INFO 6192 --- [    Test worker] bssm.db.bssmgit.BssmGitApplicationTests  : No active profile set, falling back to 1 default profile: "default"
2022-09-21 23:20:15.704  INFO 6192 --- [    Test worker] .s.d.r.c.RepositoryConfigurationDelegate : Multiple Spring Data modules found, entering strict repository configuration mode
2022-09-21 23:20:15.707  INFO 6192 --- [    Test worker] .s.d.r.c.RepositoryConfigurationDelegate : Bootstrapping Spring Data Redis repositories in DEFAULT mode.
2022-09-21 23:20:15.735  INFO 6192 --- [    Test worker] .s.d.r.c.RepositoryConfigurationDelegate : Finished Spring Data repository scanning in 14 ms. Found 0 Redis repository interfaces.
2022-09-21 23:20:16.064  INFO 6192 --- [    Test worker] .s.d.r.c.RepositoryConfigurationDelegate : Multiple Spring Data modules found, entering strict repository configuration mode
2022-09-21 23:20:16.065  INFO 6192 --- [    Test worker] .s.d.r.c.RepositoryConfigurationDelegate : Bootstrapping Spring Data JPA repositories in DEFAULT mode.
2022-09-21 23:20:16.289  INFO 6192 --- [    Test worker] .s.d.r.c.RepositoryConfigurationDelegate : Finished Spring Data repository scanning in 220 ms. Found 3 JPA repository interfaces.
2022-09-21 23:20:16.313  INFO 6192 --- [    Test worker] .s.d.r.c.RepositoryConfigurationDelegate : Multiple Spring Data modules found, entering strict repository configuration mode
2022-09-21 23:20:16.313  INFO 6192 --- [    Test worker] .s.d.r.c.RepositoryConfigurationDelegate : Bootstrapping Spring Data Redis repositories in DEFAULT mode.
2022-09-21 23:20:16.333  INFO 6192 --- [    Test worker] .RepositoryConfigurationExtensionSupport : Spring Data Redis - Could not safely identify store assignment for repository candidate interface bssm.db.bssmgit.domain.post.entity.repository.CategoryRepository; If you want this repository to be a Redis repository, consider annotating your entities with one of these annotations: org.springframework.data.redis.core.RedisHash (preferred), or consider extending one of the following types with your repository: org.springframework.data.keyvalue.repository.KeyValueRepository
2022-09-21 23:20:16.336  INFO 6192 --- [    Test worker] .RepositoryConfigurationExtensionSupport : Spring Data Redis - Could not safely identify store assignment for repository candidate interface bssm.db.bssmgit.domain.post.entity.repository.PostRepository; If you want this repository to be a Redis repository, consider annotating your entities with one of these annotations: org.springframework.data.redis.core.RedisHash (preferred), or consider extending one of the following types with your repository: org.springframework.data.keyvalue.repository.KeyValueRepository
2022-09-21 23:20:16.336  INFO 6192 --- [    Test worker] .RepositoryConfigurationExtensionSupport : Spring Data Redis - Could not safely identify store assignment for repository candidate interface bssm.db.bssmgit.domain.user.repository.UserRepository; If you want this repository to be a Redis repository, consider annotating your entities with one of these annotations: org.springframework.data.redis.core.RedisHash (preferred), or consider extending one of the following types with your repository: org.springframework.data.keyvalue.repository.KeyValueRepository
2022-09-21 23:20:16.337  INFO 6192 --- [    Test worker] .s.d.r.c.RepositoryConfigurationDelegate : Finished Spring Data repository scanning in 23 ms. Found 0 Redis repository interfaces.
2022-09-21 23:20:17.456  INFO 6192 --- [    Test worker] o.hibernate.jpa.internal.util.LogHelper  : HHH000204: Processing PersistenceUnitInfo [name: default]
2022-09-21 23:20:17.506  INFO 6192 --- [    Test worker] org.hibernate.Version                    : HHH000412: Hibernate ORM core version 5.6.10.Final
2022-09-21 23:20:17.689  INFO 6192 --- [    Test worker] o.hibernate.annotations.common.Version   : HCANN000001: Hibernate Commons Annotations {5.1.2.Final}
2022-09-21 23:20:17.721 DEBUG 6192 --- [    Test worker] org.hibernate.type.BasicTypeRegistry     : Adding type registration boolean -> org.hibernate.type.BooleanType@5df2023c
2022-09-21 23:20:17.721 DEBUG 6192 --- [    Test worker] org.hibernate.type.BasicTypeRegistry     : Adding type registration boolean -> org.hibernate.type.BooleanType@5df2023c
2022-09-21 23:20:17.721 DEBUG 6192 --- [    Test worker] org.hibernate.type.BasicTypeRegistry     : Adding type registration java.lang.Boolean -> org.hibernate.type.BooleanType@5df2023c
2022-09-21 23:20:17.721 DEBUG 6192 --- [    Test worker] org.hibernate.type.BasicTypeRegistry     : Adding type registration numeric_boolean -> org.hibernate.type.NumericBooleanType@2bfc8558
2022-09-21 23:20:17.722 DEBUG 6192 --- [    Test worker] org.hibernate.type.BasicTypeRegistry     : Adding type registration true_false -> org.hibernate.type.TrueFalseType@7fac18dc
2022-09-21 23:20:17.725 DEBUG 6192 --- [    Test worker] org.hibernate.type.BasicTypeRegistry     : Adding type registration yes_no -> org.hibernate.type.YesNoType@2a4e939a
2022-09-21 23:20:17.726 DEBUG 6192 --- [    Test worker] org.hibernate.type.BasicTypeRegistry     : Adding type registration byte -> org.hibernate.type.ByteType@a357c3e
2022-09-21 23:20:17.726 DEBUG 6192 --- [    Test worker] org.hibernate.type.BasicTypeRegistry     : Adding type registration byte -> org.hibernate.type.ByteType@a357c3e
2022-09-21 23:20:17.726 DEBUG 6192 --- [    Test worker] org.hibernate.type.BasicTypeRegistry     : Adding type registration java.lang.Byte -> org.hibernate.type.ByteType@a357c3e
2022-09-21 23:20:17.728 DEBUG 6192 --- [    Test worker] org.hibernate.type.BasicTypeRegistry     : Adding type registration character -> org.hibernate.type.CharacterType@323e026d
2022-09-21 23:20:17.728 DEBUG 6192 --- [    Test worker] org.hibernate.type.BasicTypeRegistry     : Adding type registration char -> org.hibernate.type.CharacterType@323e026d
2022-09-21 23:20:17.728 DEBUG 6192 --- [    Test worker] org.hibernate.type.BasicTypeRegistry     : Adding type registration java.lang.Character -> org.hibernate.type.CharacterType@323e026d
2022-09-21 23:20:17.729 DEBUG 6192 --- [    Test worker] org.hibernate.type.BasicTypeRegistry     : Adding type registration short -> org.hibernate.type.ShortType@10b87ff6
2022-09-21 23:20:17.729 DEBUG 6192 --- [    Test worker] org.hibernate.type.BasicTypeRegistry     : Adding type registration short -> org.hibernate.type.ShortType@10b87ff6
2022-09-21 23:20:17.729 DEBUG 6192 --- [    Test worker] org.hibernate.type.BasicTypeRegistry     : Adding type registration java.lang.Short -> org.hibernate.type.ShortType@10b87ff6
2022-09-21 23:20:17.729 DEBUG 6192 --- [    Test worker] org.hibernate.type.BasicTypeRegistry     : Adding type registration integer -> org.hibernate.type.IntegerType@33187485
2022-09-21 23:20:17.730 DEBUG 6192 --- [    Test worker] org.hibernate.type.BasicTypeRegistry     : Adding type registration int -> org.hibernate.type.IntegerType@33187485
2022-09-21 23:20:17.730 DEBUG 6192 --- [    Test worker] org.hibernate.type.BasicTypeRegistry     : Adding type registration java.lang.Integer -> org.hibernate.type.IntegerType@33187485
2022-09-21 23:20:17.731 DEBUG 6192 --- [    Test worker] org.hibernate.type.BasicTypeRegistry     : Adding type registration long -> org.hibernate.type.LongType@7ba06506
2022-09-21 23:20:17.731 DEBUG 6192 --- [    Test worker] org.hibernate.type.BasicTypeRegistry     : Adding type registration long -> org.hibernate.type.LongType@7ba06506
2022-09-21 23:20:17.731 DEBUG 6192 --- [    Test worker] org.hibernate.type.BasicTypeRegistry     : Adding type registration java.lang.Long -> org.hibernate.type.LongType@7ba06506
2022-09-21 23:20:17.731 DEBUG 6192 --- [    Test worker] org.hibernate.type.BasicTypeRegistry     : Adding type registration float -> org.hibernate.type.FloatType@20c3b34b
2022-09-21 23:20:17.732 DEBUG 6192 --- [    Test worker] org.hibernate.type.BasicTypeRegistry     : Adding type registration float -> org.hibernate.type.FloatType@20c3b34b
2022-09-21 23:20:17.733 DEBUG 6192 --- [    Test worker] org.hibernate.type.BasicTypeRegistry     : Adding type registration java.lang.Float -> org.hibernate.type.FloatType@20c3b34b
2022-09-21 23:20:17.734 DEBUG 6192 --- [    Test worker] org.hibernate.type.BasicTypeRegistry     : Adding type registration double -> org.hibernate.type.DoubleType@53f495f0
2022-09-21 23:20:17.734 DEBUG 6192 --- [    Test worker] org.hibernate.type.BasicTypeRegistry     : Adding type registration double -> org.hibernate.type.DoubleType@53f495f0
2022-09-21 23:20:17.734 DEBUG 6192 --- [    Test worker] org.hibernate.type.BasicTypeRegistry     : Adding type registration java.lang.Double -> org.hibernate.type.DoubleType@53f495f0
2022-09-21 23:20:17.735 DEBUG 6192 --- [    Test worker] org.hibernate.type.BasicTypeRegistry     : Adding type registration big_decimal -> org.hibernate.type.BigDecimalType@6c5ae8fd
2022-09-21 23:20:17.735 DEBUG 6192 --- [    Test worker] org.hibernate.type.BasicTypeRegistry     : Adding type registration java.math.BigDecimal -> org.hibernate.type.BigDecimalType@6c5ae8fd
2022-09-21 23:20:17.736 DEBUG 6192 --- [    Test worker] org.hibernate.type.BasicTypeRegistry     : Adding type registration big_integer -> org.hibernate.type.BigIntegerType@5dd6a4c8
2022-09-21 23:20:17.736 DEBUG 6192 --- [    Test worker] org.hibernate.type.BasicTypeRegistry     : Adding type registration java.math.BigInteger -> org.hibernate.type.BigIntegerType@5dd6a4c8
2022-09-21 23:20:17.737 DEBUG 6192 --- [    Test worker] org.hibernate.type.BasicTypeRegistry     : Adding type registration string -> org.hibernate.type.StringType@77c692b4
2022-09-21 23:20:17.737 DEBUG 6192 --- [    Test worker] org.hibernate.type.BasicTypeRegistry     : Adding type registration java.lang.String -> org.hibernate.type.StringType@77c692b4
2022-09-21 23:20:17.737 DEBUG 6192 --- [    Test worker] org.hibernate.type.BasicTypeRegistry     : Adding type registration nstring -> org.hibernate.type.StringNVarcharType@4bbc21bd
2022-09-21 23:20:17.738 DEBUG 6192 --- [    Test worker] org.hibernate.type.BasicTypeRegistry     : Adding type registration ncharacter -> org.hibernate.type.CharacterNCharType@4dd1d2bb
2022-09-21 23:20:17.738 DEBUG 6192 --- [    Test worker] org.hibernate.type.BasicTypeRegistry     : Adding type registration url -> org.hibernate.type.UrlType@606b53a3
2022-09-21 23:20:17.738 DEBUG 6192 --- [    Test worker] org.hibernate.type.BasicTypeRegistry     : Adding type registration java.net.URL -> org.hibernate.type.UrlType@606b53a3
2022-09-21 23:20:17.739 DEBUG 6192 --- [    Test worker] org.hibernate.type.BasicTypeRegistry     : Adding type registration Duration -> org.hibernate.type.DurationType@1846ad0f
2022-09-21 23:20:17.739 DEBUG 6192 --- [    Test worker] org.hibernate.type.BasicTypeRegistry     : Adding type registration java.time.Duration -> org.hibernate.type.DurationType@1846ad0f
2022-09-21 23:20:17.740 DEBUG 6192 --- [    Test worker] org.hibernate.type.BasicTypeRegistry     : Adding type registration Instant -> org.hibernate.type.InstantType@75d97e18
2022-09-21 23:20:17.743 DEBUG 6192 --- [    Test worker] org.hibernate.type.BasicTypeRegistry     : Adding type registration java.time.Instant -> org.hibernate.type.InstantType@75d97e18
2022-09-21 23:20:17.744 DEBUG 6192 --- [    Test worker] org.hibernate.type.BasicTypeRegistry     : Adding type registration LocalDateTime -> org.hibernate.type.LocalDateTimeType@44aed6a4
2022-09-21 23:20:17.745 DEBUG 6192 --- [    Test worker] org.hibernate.type.BasicTypeRegistry     : Adding type registration java.time.LocalDateTime -> org.hibernate.type.LocalDateTimeType@44aed6a4
2022-09-21 23:20:17.745 DEBUG 6192 --- [    Test worker] org.hibernate.type.BasicTypeRegistry     : Adding type registration LocalDate -> org.hibernate.type.LocalDateType@a84338a
2022-09-21 23:20:17.745 DEBUG 6192 --- [    Test worker] org.hibernate.type.BasicTypeRegistry     : Adding type registration java.time.LocalDate -> org.hibernate.type.LocalDateType@a84338a
2022-09-21 23:20:17.746 DEBUG 6192 --- [    Test worker] org.hibernate.type.BasicTypeRegistry     : Adding type registration LocalTime -> org.hibernate.type.LocalTimeType@278de2b2
2022-09-21 23:20:17.746 DEBUG 6192 --- [    Test worker] org.hibernate.type.BasicTypeRegistry     : Adding type registration java.time.LocalTime -> org.hibernate.type.LocalTimeType@278de2b2
2022-09-21 23:20:17.747 DEBUG 6192 --- [    Test worker] org.hibernate.type.BasicTypeRegistry     : Adding type registration OffsetDateTime -> org.hibernate.type.OffsetDateTimeType@213835b6
2022-09-21 23:20:17.747 DEBUG 6192 --- [    Test worker] org.hibernate.type.BasicTypeRegistry     : Adding type registration java.time.OffsetDateTime -> org.hibernate.type.OffsetDateTimeType@213835b6
2022-09-21 23:20:17.748 DEBUG 6192 --- [    Test worker] org.hibernate.type.BasicTypeRegistry     : Adding type registration OffsetTime -> org.hibernate.type.OffsetTimeType@296676c4
2022-09-21 23:20:17.748 DEBUG 6192 --- [    Test worker] org.hibernate.type.BasicTypeRegistry     : Adding type registration java.time.OffsetTime -> org.hibernate.type.OffsetTimeType@296676c4
2022-09-21 23:20:17.749 DEBUG 6192 --- [    Test worker] org.hibernate.type.BasicTypeRegistry     : Adding type registration ZonedDateTime -> org.hibernate.type.ZonedDateTimeType@3d88ce0e
2022-09-21 23:20:17.749 DEBUG 6192 --- [    Test worker] org.hibernate.type.BasicTypeRegistry     : Adding type registration java.time.ZonedDateTime -> org.hibernate.type.ZonedDateTimeType@3d88ce0e
2022-09-21 23:20:17.751 DEBUG 6192 --- [    Test worker] org.hibernate.type.BasicTypeRegistry     : Adding type registration date -> org.hibernate.type.DateType@156324b
2022-09-21 23:20:17.751 DEBUG 6192 --- [    Test worker] org.hibernate.type.BasicTypeRegistry     : Adding type registration java.sql.Date -> org.hibernate.type.DateType@156324b
2022-09-21 23:20:17.752 DEBUG 6192 --- [    Test worker] org.hibernate.type.BasicTypeRegistry     : Adding type registration time -> org.hibernate.type.TimeType@299fc582
2022-09-21 23:20:17.752 DEBUG 6192 --- [    Test worker] org.hibernate.type.BasicTypeRegistry     : Adding type registration java.sql.Time -> org.hibernate.type.TimeType@299fc582
2022-09-21 23:20:17.753 DEBUG 6192 --- [    Test worker] org.hibernate.type.BasicTypeRegistry     : Adding type registration timestamp -> org.hibernate.type.TimestampType@69d2e517
2022-09-21 23:20:17.757 DEBUG 6192 --- [    Test worker] org.hibernate.type.BasicTypeRegistry     : Adding type registration java.sql.Timestamp -> org.hibernate.type.TimestampType@69d2e517
2022-09-21 23:20:17.757 DEBUG 6192 --- [    Test worker] org.hibernate.type.BasicTypeRegistry     : Adding type registration java.util.Date -> org.hibernate.type.TimestampType@69d2e517
2022-09-21 23:20:17.761 DEBUG 6192 --- [    Test worker] org.hibernate.type.BasicTypeRegistry     : Adding type registration dbtimestamp -> org.hibernate.type.DbTimestampType@3d71e10b
2022-09-21 23:20:17.761 DEBUG 6192 --- [    Test worker] org.hibernate.type.BasicTypeRegistry     : Adding type registration calendar -> org.hibernate.type.CalendarType@12aa519b
2022-09-21 23:20:17.762 DEBUG 6192 --- [    Test worker] org.hibernate.type.BasicTypeRegistry     : Adding type registration java.util.Calendar -> org.hibernate.type.CalendarType@12aa519b
2022-09-21 23:20:17.762 DEBUG 6192 --- [    Test worker] org.hibernate.type.BasicTypeRegistry     : Adding type registration java.util.GregorianCalendar -> org.hibernate.type.CalendarType@12aa519b
2022-09-21 23:20:17.762 DEBUG 6192 --- [    Test worker] org.hibernate.type.BasicTypeRegistry     : Adding type registration calendar_date -> org.hibernate.type.CalendarDateType@778c2e7c
2022-09-21 23:20:17.763 DEBUG 6192 --- [    Test worker] org.hibernate.type.BasicTypeRegistry     : Adding type registration calendar_time -> org.hibernate.type.CalendarTimeType@702096ef
2022-09-21 23:20:17.764 DEBUG 6192 --- [    Test worker] org.hibernate.type.BasicTypeRegistry     : Adding type registration locale -> org.hibernate.type.LocaleType@6501b105
2022-09-21 23:20:17.764 DEBUG 6192 --- [    Test worker] org.hibernate.type.BasicTypeRegistry     : Adding type registration java.util.Locale -> org.hibernate.type.LocaleType@6501b105
2022-09-21 23:20:17.765 DEBUG 6192 --- [    Test worker] org.hibernate.type.BasicTypeRegistry     : Adding type registration currency -> org.hibernate.type.CurrencyType@52433946
2022-09-21 23:20:17.765 DEBUG 6192 --- [    Test worker] org.hibernate.type.BasicTypeRegistry     : Adding type registration java.util.Currency -> org.hibernate.type.CurrencyType@52433946
2022-09-21 23:20:17.766 DEBUG 6192 --- [    Test worker] org.hibernate.type.BasicTypeRegistry     : Adding type registration timezone -> org.hibernate.type.TimeZoneType@10745a02
2022-09-21 23:20:17.767 DEBUG 6192 --- [    Test worker] org.hibernate.type.BasicTypeRegistry     : Adding type registration java.util.TimeZone -> org.hibernate.type.TimeZoneType@10745a02
2022-09-21 23:20:17.769 DEBUG 6192 --- [    Test worker] org.hibernate.type.BasicTypeRegistry     : Adding type registration class -> org.hibernate.type.ClassType@23469199
2022-09-21 23:20:17.769 DEBUG 6192 --- [    Test worker] org.hibernate.type.BasicTypeRegistry     : Adding type registration java.lang.Class -> org.hibernate.type.ClassType@23469199
2022-09-21 23:20:17.770 DEBUG 6192 --- [    Test worker] org.hibernate.type.BasicTypeRegistry     : Adding type registration uuid-binary -> org.hibernate.type.UUIDBinaryType@3355168
2022-09-21 23:20:17.770 DEBUG 6192 --- [    Test worker] org.hibernate.type.BasicTypeRegistry     : Adding type registration java.util.UUID -> org.hibernate.type.UUIDBinaryType@3355168
2022-09-21 23:20:17.770 DEBUG 6192 --- [    Test worker] org.hibernate.type.BasicTypeRegistry     : Adding type registration uuid-char -> org.hibernate.type.UUIDCharType@4540c7
2022-09-21 23:20:17.770 DEBUG 6192 --- [    Test worker] org.hibernate.type.BasicTypeRegistry     : Adding type registration binary -> org.hibernate.type.BinaryType@29892a77
2022-09-21 23:20:17.771 DEBUG 6192 --- [    Test worker] org.hibernate.type.BasicTypeRegistry     : Adding type registration byte[] -> org.hibernate.type.BinaryType@29892a77
2022-09-21 23:20:17.771 DEBUG 6192 --- [    Test worker] org.hibernate.type.BasicTypeRegistry     : Adding type registration [B -> org.hibernate.type.BinaryType@29892a77
2022-09-21 23:20:17.771 DEBUG 6192 --- [    Test worker] org.hibernate.type.BasicTypeRegistry     : Adding type registration wrapper-binary -> org.hibernate.type.WrapperBinaryType@37a3ec27
2022-09-21 23:20:17.771 DEBUG 6192 --- [    Test worker] org.hibernate.type.BasicTypeRegistry     : Adding type registration Byte[] -> org.hibernate.type.WrapperBinaryType@37a3ec27
2022-09-21 23:20:17.772 DEBUG 6192 --- [    Test worker] org.hibernate.type.BasicTypeRegistry     : Adding type registration [Ljava.lang.Byte; -> org.hibernate.type.WrapperBinaryType@37a3ec27
2022-09-21 23:20:17.772 DEBUG 6192 --- [    Test worker] org.hibernate.type.BasicTypeRegistry     : Adding type registration row_version -> org.hibernate.type.RowVersionType@4537880f
2022-09-21 23:20:17.773 DEBUG 6192 --- [    Test worker] org.hibernate.type.BasicTypeRegistry     : Adding type registration image -> org.hibernate.type.ImageType@7a3643e3
2022-09-21 23:20:17.777 DEBUG 6192 --- [    Test worker] org.hibernate.type.BasicTypeRegistry     : Adding type registration characters -> org.hibernate.type.CharArrayType@3212bfd
2022-09-21 23:20:17.778 DEBUG 6192 --- [    Test worker] org.hibernate.type.BasicTypeRegistry     : Adding type registration char[] -> org.hibernate.type.CharArrayType@3212bfd
2022-09-21 23:20:17.778 DEBUG 6192 --- [    Test worker] org.hibernate.type.BasicTypeRegistry     : Adding type registration [C -> org.hibernate.type.CharArrayType@3212bfd
2022-09-21 23:20:17.780 DEBUG 6192 --- [    Test worker] org.hibernate.type.BasicTypeRegistry     : Adding type registration wrapper-characters -> org.hibernate.type.CharacterArrayType@42211e04
2022-09-21 23:20:17.780 DEBUG 6192 --- [    Test worker] org.hibernate.type.BasicTypeRegistry     : Adding type registration [Ljava.lang.Character; -> org.hibernate.type.CharacterArrayType@42211e04
2022-09-21 23:20:17.780 DEBUG 6192 --- [    Test worker] org.hibernate.type.BasicTypeRegistry     : Adding type registration Character[] -> org.hibernate.type.CharacterArrayType@42211e04
2022-09-21 23:20:17.781 DEBUG 6192 --- [    Test worker] org.hibernate.type.BasicTypeRegistry     : Adding type registration text -> org.hibernate.type.TextType@34cb0e49
2022-09-21 23:20:17.781 DEBUG 6192 --- [    Test worker] org.hibernate.type.BasicTypeRegistry     : Adding type registration ntext -> org.hibernate.type.NTextType@3f6f9cef
2022-09-21 23:20:17.783 DEBUG 6192 --- [    Test worker] org.hibernate.type.BasicTypeRegistry     : Adding type registration blob -> org.hibernate.type.BlobType@5db9f51f
2022-09-21 23:20:17.783 DEBUG 6192 --- [    Test worker] org.hibernate.type.BasicTypeRegistry     : Adding type registration java.sql.Blob -> org.hibernate.type.BlobType@5db9f51f
2022-09-21 23:20:17.783 DEBUG 6192 --- [    Test worker] org.hibernate.type.BasicTypeRegistry     : Adding type registration materialized_blob -> org.hibernate.type.MaterializedBlobType@2a631049
2022-09-21 23:20:17.785 DEBUG 6192 --- [    Test worker] org.hibernate.type.BasicTypeRegistry     : Adding type registration clob -> org.hibernate.type.ClobType@517fbf62
2022-09-21 23:20:17.787 DEBUG 6192 --- [    Test worker] org.hibernate.type.BasicTypeRegistry     : Adding type registration java.sql.Clob -> org.hibernate.type.ClobType@517fbf62
2022-09-21 23:20:17.788 DEBUG 6192 --- [    Test worker] org.hibernate.type.BasicTypeRegistry     : Adding type registration nclob -> org.hibernate.type.NClobType@280484c7
2022-09-21 23:20:17.788 DEBUG 6192 --- [    Test worker] org.hibernate.type.BasicTypeRegistry     : Adding type registration java.sql.NClob -> org.hibernate.type.NClobType@280484c7
2022-09-21 23:20:17.788 DEBUG 6192 --- [    Test worker] org.hibernate.type.BasicTypeRegistry     : Adding type registration materialized_clob -> org.hibernate.type.MaterializedClobType@553ce348
2022-09-21 23:20:17.788 DEBUG 6192 --- [    Test worker] org.hibernate.type.BasicTypeRegistry     : Adding type registration materialized_nclob -> org.hibernate.type.MaterializedNClobType@7d3c22a5
2022-09-21 23:20:17.789 DEBUG 6192 --- [    Test worker] org.hibernate.type.BasicTypeRegistry     : Adding type registration serializable -> org.hibernate.type.SerializableType@55e42684
2022-09-21 23:20:17.792 DEBUG 6192 --- [    Test worker] org.hibernate.type.BasicTypeRegistry     : Adding type registration object -> org.hibernate.type.ObjectType@6068ebb2
2022-09-21 23:20:17.792 DEBUG 6192 --- [    Test worker] org.hibernate.type.BasicTypeRegistry     : Adding type registration java.lang.Object -> org.hibernate.type.ObjectType@6068ebb2
2022-09-21 23:20:17.792 DEBUG 6192 --- [    Test worker] org.hibernate.type.BasicTypeRegistry     : Adding type registration imm_date -> org.hibernate.type.AdaptedImmutableType@498a4d62
2022-09-21 23:20:17.792 DEBUG 6192 --- [    Test worker] org.hibernate.type.BasicTypeRegistry     : Adding type registration imm_time -> org.hibernate.type.AdaptedImmutableType@6fbe4800
2022-09-21 23:20:17.794 DEBUG 6192 --- [    Test worker] org.hibernate.type.BasicTypeRegistry     : Adding type registration imm_timestamp -> org.hibernate.type.AdaptedImmutableType@3f3c5ecd
2022-09-21 23:20:17.794 DEBUG 6192 --- [    Test worker] org.hibernate.type.BasicTypeRegistry     : Adding type registration imm_dbtimestamp -> org.hibernate.type.AdaptedImmutableType@1179fc8c
2022-09-21 23:20:17.795 DEBUG 6192 --- [    Test worker] org.hibernate.type.BasicTypeRegistry     : Adding type registration imm_calendar -> org.hibernate.type.AdaptedImmutableType@a03529c
2022-09-21 23:20:17.795 DEBUG 6192 --- [    Test worker] org.hibernate.type.BasicTypeRegistry     : Adding type registration imm_calendar_date -> org.hibernate.type.AdaptedImmutableType@1760e594
2022-09-21 23:20:17.795 DEBUG 6192 --- [    Test worker] org.hibernate.type.BasicTypeRegistry     : Adding type registration imm_binary -> org.hibernate.type.AdaptedImmutableType@4af70b83
2022-09-21 23:20:17.795 DEBUG 6192 --- [    Test worker] org.hibernate.type.BasicTypeRegistry     : Adding type registration imm_serializable -> org.hibernate.type.AdaptedImmutableType@143413cd
2022-09-21 23:20:17.859  INFO 6192 --- [    Test worker] com.zaxxer.hikari.HikariDataSource       : HikariPool-1 - Starting...
2022-09-21 23:20:18.597  INFO 6192 --- [    Test worker] com.zaxxer.hikari.HikariDataSource       : HikariPool-1 - Start completed.
2022-09-21 23:20:18.627  INFO 6192 --- [    Test worker] org.hibernate.dialect.Dialect            : HHH000400: Using dialect: org.hibernate.dialect.MySQL5InnoDBDialect
2022-09-21 23:20:18.727 DEBUG 6192 --- [    Test worker] o.h.type.spi.TypeConfiguration$Scope     : Scoping TypeConfiguration [org.hibernate.type.spi.TypeConfiguration@60a99f3d] to MetadataBuildingContext [org.hibernate.boot.internal.MetadataBuildingContextRootImpl@57515944]
2022-09-21 23:20:19.312 DEBUG 6192 --- [    Test worker] org.hibernate.type.EnumType              : Using NAMED-based conversion for Enum bssm.db.bssmgit.domain.user.domain.type.Role
2022-09-21 23:20:19.317 DEBUG 6192 --- [    Test worker] o.h.type.spi.TypeConfiguration$Scope     : Scoping TypeConfiguration [org.hibernate.type.spi.TypeConfiguration@60a99f3d] to SessionFactoryImpl [org.hibernate.internal.SessionFactoryImpl@471a9e8c]
2022-09-21 23:20:19.876 DEBUG 6192 --- [    Test worker] org.hibernate.SQL                        : 
    
    create table category (
       id bigint not null auto_increment,
        name varchar(255),
        post_id bigint,
        user_id bigint,
        primary key (id)
    ) engine=InnoDB
Hibernate: 
    
    create table category (
       id bigint not null auto_increment,
        name varchar(255),
        post_id bigint,
        user_id bigint,
        primary key (id)
    ) engine=InnoDB
2022-09-21 23:20:19.935 DEBUG 6192 --- [    Test worker] org.hibernate.SQL                        : 
    
    create table likes (
       id bigint not null auto_increment,
        post_id bigint,
        user_id bigint,
        primary key (id)
    ) engine=InnoDB
Hibernate: 
    
    create table likes (
       id bigint not null auto_increment,
        post_id bigint,
        user_id bigint,
        primary key (id)
    ) engine=InnoDB
2022-09-21 23:20:19.988 DEBUG 6192 --- [    Test worker] org.hibernate.SQL                        : 
    
    create table post (
       id bigint not null auto_increment,
        created_at datetime,
        modified_at datetime,
        content TEXT,
        title varchar(255),
        view integer not null,
        writer_id bigint,
        primary key (id)
    ) engine=InnoDB
Hibernate: 
    
    create table post (
       id bigint not null auto_increment,
        created_at datetime,
        modified_at datetime,
        content TEXT,
        title varchar(255),
        view integer not null,
        writer_id bigint,
        primary key (id)
    ) engine=InnoDB
2022-09-21 23:20:20.045 DEBUG 6192 --- [    Test worker] org.hibernate.SQL                        : 
    
    create table user (
       id bigint not null auto_increment,
        boj_auth_id varchar(255),
        boj_id varchar(255),
        bsm_token varchar(32),
        commits integer,
        email varchar(255),
        exp bigint,
        github_id varchar(64),
        github_msg varchar(128),
        img varchar(255),
        max_streak bigint,
        name varchar(8),
        password varchar(128),
        random_code varchar(255),
        role varchar(12),
        solved_count bigint,
        student_class_no integer,
        student_grade integer,
        student_no integer,
        tier bigint,
        primary key (id)
    ) engine=InnoDB
Hibernate: 
    
    create table user (
       id bigint not null auto_increment,
        boj_auth_id varchar(255),
        boj_id varchar(255),
        bsm_token varchar(32),
        commits integer,
        email varchar(255),
        exp bigint,
        github_id varchar(64),
        github_msg varchar(128),
        img varchar(255),
        max_streak bigint,
        name varchar(8),
        password varchar(128),
        random_code varchar(255),
        role varchar(12),
        solved_count bigint,
        student_class_no integer,
        student_grade integer,
        student_no integer,
        tier bigint,
        primary key (id)
    ) engine=InnoDB
2022-09-21 23:20:20.174 DEBUG 6192 --- [    Test worker] org.hibernate.SQL                        : 
    
    alter table category 
       add constraint FKopeo59t1mr1euhddriighg7ir 
       foreign key (post_id) 
       references post (id)
Hibernate: 
    
    alter table category 
       add constraint FKopeo59t1mr1euhddriighg7ir 
       foreign key (post_id) 
       references post (id)
2022-09-21 23:20:20.262 DEBUG 6192 --- [    Test worker] org.hibernate.SQL                        : 
    
    alter table category 
       add constraint FKpfk8djhv5natgshmxiav6xkpu 
       foreign key (user_id) 
       references user (id)
Hibernate: 
    
    alter table category 
       add constraint FKpfk8djhv5natgshmxiav6xkpu 
       foreign key (user_id) 
       references user (id)
2022-09-21 23:20:20.382 DEBUG 6192 --- [    Test worker] org.hibernate.SQL                        : 
    
    alter table likes 
       add constraint FKowd6f4s7x9f3w50pvlo6x3b41 
       foreign key (post_id) 
       references post (id)
Hibernate: 
    
    alter table likes 
       add constraint FKowd6f4s7x9f3w50pvlo6x3b41 
       foreign key (post_id) 
       references post (id)
2022-09-21 23:20:20.463 DEBUG 6192 --- [    Test worker] org.hibernate.SQL                        : 
    
    alter table likes 
       add constraint FKi2wo4dyk4rok7v4kak8sgkwx0 
       foreign key (user_id) 
       references user (id)
Hibernate: 
    
    alter table likes 
       add constraint FKi2wo4dyk4rok7v4kak8sgkwx0 
       foreign key (user_id) 
       references user (id)
2022-09-21 23:20:20.551 DEBUG 6192 --- [    Test worker] org.hibernate.SQL                        : 
    
    alter table post 
       add constraint FKh38931f585nv7e1qp8w7r9ux1 
       foreign key (writer_id) 
       references user (id)
Hibernate: 
    
    alter table post 
       add constraint FKh38931f585nv7e1qp8w7r9ux1 
       foreign key (writer_id) 
       references user (id)
2022-09-21 23:20:20.705  INFO 6192 --- [    Test worker] o.h.e.t.j.p.i.JtaPlatformInitiator       : HHH000490: Using JtaPlatform implementation: [org.hibernate.engine.transaction.jta.platform.internal.NoJtaPlatform]
2022-09-21 23:20:20.714 TRACE 6192 --- [    Test worker] o.h.type.spi.TypeConfiguration$Scope     : Handling #sessionFactoryCreated from [org.hibernate.internal.SessionFactoryImpl@471a9e8c] for TypeConfiguration
2022-09-21 23:20:20.716  INFO 6192 --- [    Test worker] j.LocalContainerEntityManagerFactoryBean : Initialized JPA EntityManagerFactory for persistence unit 'default'
2022-09-21 23:20:21.673  WARN 6192 --- [    Test worker] org.hibernate.orm.deprecation            : HHH90000016: Found use of deprecated 'collection property' syntax in HQL/JPQL query [m.likes.size]; use collection function syntax instead [size(m.likes)].
2022-09-21 23:20:21.683  WARN 6192 --- [    Test worker] org.hibernate.orm.deprecation            : HHH90000016: Found use of deprecated 'collection property' syntax in HQL/JPQL query [m.likes.size]; use collection function syntax instead [size(m.likes)].
2022-09-21 23:20:23.215  WARN 6192 --- [    Test worker] JpaBaseConfiguration$JpaWebConfiguration : spring.jpa.open-in-view is enabled by default. Therefore, database queries may be performed during view rendering. Explicitly configure spring.jpa.open-in-view to disable this warning
2022-09-21 23:20:23.641  INFO 6192 --- [    Test worker] o.s.s.web.DefaultSecurityFilterChain     : Will secure any request with [org.springframework.security.web.session.DisableEncodeUrlFilter@79864d6, org.springframework.security.web.context.request.async.WebAsyncManagerIntegrationFilter@472d7f34, org.springframework.security.web.context.SecurityContextPersistenceFilter@371fdf43, org.springframework.security.web.header.HeaderWriterFilter@5a004dd4, org.springframework.web.filter.CorsFilter@2da7ef3e, org.springframework.security.web.authentication.logout.LogoutFilter@381ed137, bssm.db.bssmgit.global.jwt.exception.JwtExceptionFilter@67cc5a38, bssm.db.bssmgit.global.jwt.JwtAuthenticationFilter@23b62cc3, org.springframework.security.web.savedrequest.RequestCacheAwareFilter@6237927a, org.springframework.security.web.servletapi.SecurityContextHolderAwareRequestFilter@440d45c5, org.springframework.security.web.authentication.AnonymousAuthenticationFilter@f4e235e, org.springframework.security.web.session.SessionManagementFilter@1b3a1e42, org.springframework.security.web.access.ExceptionTranslationFilter@1be15455, org.springframework.security.web.access.intercept.FilterSecurityInterceptor@1dbe592f]
2022-09-21 23:20:24.709  INFO 6192 --- [    Test worker] bssm.db.bssmgit.BssmGitApplicationTests  : Started BssmGitApplicationTests in 10.842 seconds (JVM running for 12.564)
]]></system-out>
  <system-err><![CDATA[]]></system-err>
</testsuite>
